Checking file: G:\Unsortted\dummy.txt
Checking file: G:\Unsortted\10,000 Days\01 - Vicarious.mp3
Checking file: G:\Unsortted\10,000 Days\02 - Jambi.mp3
Checking file: G:\Unsortted\10,000 Days\03 - Wings For Marie (Part 1).mp3
Checking file: G:\Unsortted\10,000 Days\04 - 10,000 Days (Wings Part 2).mp3
Checking file: G:\Unsortted\10,000 Days\05 - The Pot.mp3
Checking file: G:\Unsortted\10,000 Days\06 - Lipan Conjuring.mp3
Checking file: G:\Unsortted\10,000 Days\07 - Lost Keys (Blame Hofmann).mp3
Checking file: G:\Unsortted\10,000 Days\08 - Rosetta Stoned.mp3
Checking file: G:\Unsortted\10,000 Days\09 - Intension.mp3
Checking file: G:\Unsortted\10,000 Days\10 - Right In Two.mp3
Checking file: G:\Unsortted\10,000 Days\10000Days.jpg
Checking file: G:\Unsortted\10,000 Days\11 - Viginti Tres.mp3
Checking file: G:\Unsortted\Lateralus\01 - the grudge.mp3
Checking file: G:\Unsortted\Lateralus\02 - eon blue apocalypse.mp3
Checking file: G:\Unsortted\Lateralus\03 - the patient.mp3
Checking file: G:\Unsortted\Lateralus\04 - the mantra.mp3
Checking file: G:\Unsortted\Lateralus\05 - schism.mp3
Checking file: G:\Unsortted\Lateralus\06 - parabol.mp3
Checking file: G:\Unsortted\Lateralus\07 - parabola.mp3
Checking file: G:\Unsortted\Lateralus\08 - ticks & leeches.mp3
Checking file: G:\Unsortted\Lateralus\09 - lateralus.mp3
Checking file: G:\Unsortted\Lateralus\10 - disposition.mp3
Checking file: G:\Unsortted\Lateralus\11 - reflection.mp3
Checking file: G:\Unsortted\Lateralus\12 - triad.mp3
Checking file: G:\Unsortted\Lateralus\13 - faap de oaid.mp3
Checking file: G:\Unsortted\Lateralus\lateralus.jpg
Checking file: G:\Unsortted\Opiate\01 - sweat.mp3
Checking file: G:\Unsortted\Opiate\02 - hush.mp3
Checking file: G:\Unsortted\Opiate\03 - part of me.mp3
Checking file: G:\Unsortted\Opiate\04 - cold and ugly(live).mp3
Checking file: G:\Unsortted\Opiate\05 - jerk off(live).mp3
Checking file: G:\Unsortted\Opiate\06 - opiate.mp3
Checking file: G:\Unsortted\Opiate\opiate.gif
Checking file: G:\Unsortted\Salival\01 - third eye(live).mp3
Checking file: G:\Unsortted\Salival\02 - part of me(live).mp3
Checking file: G:\Unsortted\Salival\03 - pushit(live).mp3
Checking file: G:\Unsortted\Salival\04 - message to harry manback ii.mp3
Checking file: G:\Unsortted\Salival\05 - you lied(live).mp3
Checking file: G:\Unsortted\Salival\06 - merkaba(live).mp3
Checking file: G:\Unsortted\Salival\07 - no quarter.mp3
Checking file: G:\Unsortted\Salival\08 - l.a. municipal court.mp3
Checking file: G:\Unsortted\Salival\09 - maynard's dick(hidden track).mp3
Checking file: G:\Unsortted\Salival\salival.jpg
Checking file: G:\Unsortted\This.is.Us.S01E01.HDTV.x264-KILLERS.mkv
Moving file: FROM G:\Unsortted\This.is.Us.S01E01.HDTV.x264-KILLERS.mkv TO G:\TVShows\This.Is\This.is.Us.S01E01.HDTV.x264-KILLERS.mkv
Checking file: G:\Unsortted\Toolshed (demo)\01 - cold and ugly.mp3
Checking file: G:\Unsortted\Toolshed (demo)\02 - hush.mp3
Checking file: G:\Unsortted\Toolshed (demo)\03 - part of me.mp3
Checking file: G:\Unsortted\Toolshed (demo)\04 - crawl away.mp3
Checking file: G:\Unsortted\Toolshed (demo)\05 - sober.mp3
Checking file: G:\Unsortted\Toolshed (demo)\06 - jerk off.mp3
Checking file: G:\Unsortted\Toolshed (demo)\toolband.jpg
Checking file: G:\Unsortted\Undertow\01 - intolerance.mp3
Checking file: G:\Unsortted\Undertow\02 - prison sex.mp3
Checking file: G:\Unsortted\Undertow\03 - sober.mp3
Checking file: G:\Unsortted\Undertow\04 - bottom.mp3
Checking file: G:\Unsortted\Undertow\05 - crawl away.mp3
Checking file: G:\Unsortted\Undertow\06 - swamp song.mp3
Checking file: G:\Unsortted\Undertow\07 - undertow.mp3
